<?xml version="1.0" encoding="UTF-8"?>
<!-- Generated by org.testng.reporters.JUnitReportReporter -->
<testsuite skipped="0" hostname="VNM6V7Y103" name="ice.excute.App" tests="2" failures="0" timestamp="18 Sep 2020 07:38:51 GMT" time="0.005" errors="0">
  <testcase name="test" time="0.004" classname="ice.excute.App"/>
  <testcase name="test1" time="0.001" classname="ice.excute.App"/>
</testsuite> <!-- ice.excute.App -->
