<?xml version="1.0" encoding="UTF-8"?>
<!-- Generated by org.testng.reporters.JUnitReportReporter -->
<testsuite skipped="0" hostname="VNLCAI727780" name="noname.willName.App" tests="2" failures="0" timestamp="10 Mar 2020 06:23:20 GMT" time="0.000" errors="0">
  <testcase name="test" time="0.000" classname="noname.willName.App"/>
  <testcase name="test1" time="0.000" classname="noname.willName.App"/>
</testsuite> <!-- noname.willName.App -->
