<?xml version="1.0" encoding="UTF-8"?>
<!-- Generated by org.testng.reporters.JUnitReportReporter -->
<testsuite skipped="0" hostname="VNLCAI727780" name="ice.excute.NewTest" tests="2" failures="0" timestamp="8 Sep 2020 09:11:25 GMT" time="0.010" errors="0">
  <testcase name="f" time="0.007" classname="ice.excute.NewTest"/>
  <testcase name="f" time="0.003" classname="ice.excute.NewTest"/>
</testsuite> <!-- ice.excute.NewTest -->
